<?xml version="1.0" encoding="UTF-8" ?>
<testsuite failures="0" time="3.399" errors="0" skipped="0" tests="45" name="com.xebia.fitnesse.selenium.JavascriptTestCase">
  <properties>
[...]
</properties>
  <testcase time="0.763" classname="com.xebia.fitnesse.selenium.JavascriptTestCase" name="testExecuteCommandOnEscapedTargetToSelenese"/>
  <testcase time="0.048" classname="com.xebia.fitnesse.selenium.JavascriptTestCase" name="testExecuteCommandOnVariableWithVariableToSelenese"/>
  <testcase time="0.072" classname="com.xebia.fitnesse.selenium.JavascriptTestCase" name="shoudlParseVariablesInText"/>
  <testcase time="0.117" classname="com.xebia.fitnesse.selenium.JavascriptTestCase" name="testExecuteCommandOnVariableToSelenese"/>
  <testcase time="0.054" classname="com.xebia.fitnesse.selenium.JavascriptTestCase" name="shouldWikiWordsAndUrlsToFitnesse"/>
  <testcase time="0.433" classname="com.xebia.fitnesse.selenium.JavascriptTestCase" name="testExecuteCommentWithMoreTextToSelenese"/>
  <testcase time="0.074" classname="com.xebia.fitnesse.selenium.JavascriptTestCase" name="testExecuteCommandOnVariableWithEmbeddedVariableToSelenese"/>
  <testcase time="0.055" classname="com.xebia.fitnesse.selenium.JavascriptTestCase" name="shoudlConvertGlob"/>
  <testcase time="0.041" classname="com.xebia.fitnesse.selenium.JavascriptTestCase" name="testExecuteCommandOnComplexXPathPatternToSelenese"/>
  <testcase time="0.326" classname="com.xebia.fitnesse.selenium.JavascriptTestCase" name="testExecuteCommentToSelenese"/>
  <testcase time="0" classname="com.xebia.fitnesse.selenium.JavascriptTestCase" name="shouldExecuteCommandOnTargetToFitnesse"/>
  <testcase time="0.049" classname="com.xebia.fitnesse.selenium.JavascriptTestCase" name="shouldParseExactToSeleneseWheneverPossible"/>
  <testcase time="0.025" classname="com.xebia.fitnesse.selenium.JavascriptTestCase" name="testExecuteCommandOnTargetToSelenese"/>
  <testcase time="0.045" classname="com.xebia.fitnesse.selenium.JavascriptTestCase" name="testExecuteCommandOnTargetWithValueWithSpacesToSelenese"/>
  <testcase time="0.031" classname="com.xebia.fitnesse.selenium.JavascriptTestCase" name="testNoStartStopOption"/>
  <testcase time="0.064" classname="com.xebia.fitnesse.selenium.JavascriptTestCase" name="testExecuteCommandOnEscapedTargetWithEscapedValueToSelenese"/>
  <testcase time="0.062" classname="com.xebia.fitnesse.selenium.JavascriptTestCase" name="shouldExecuteCommandOnTargetWithValueToSelenese"/>
  <testcase time="0.056" classname="com.xebia.fitnesse.selenium.JavascriptTestCase" name="shouldParseDataPastedFromBrowser"/>
  <testcase time="0.032" classname="com.xebia.fitnesse.selenium.JavascriptTestCase" name="testExecuteCommandOnTextSeparatedByBars"/>
  <testcase time="0.163" classname="com.xebia.fitnesse.selenium.JavascriptTestCase" name="shouldParseSubstitutedVariables"/>
  <testcase time="0.041" classname="com.xebia.fitnesse.selenium.JavascriptTestCase" name="testLibraryModeOption"/>
  <testcase time="0.029" classname="com.xebia.fitnesse.selenium.JavascriptTestCase" name="testExecuteCommandOnComplexGlobPatternToSelenese"/>
  <testcase time="0.076" classname="com.xebia.fitnesse.selenium.JavascriptTestCase" name="shouldExecuteStoreCommandToSelenese"/>
  <testcase time="0" classname="com.xebia.fitnesse.selenium.JavascriptTestCase" name="shouldParseLenient"/>
  <testcase time="0.031" classname="com.xebia.fitnesse.selenium.JavascriptTestCase" name="shouldParseBareActionCommand"/>
  <testcase time="0.03" classname="com.xebia.fitnesse.selenium.JavascriptTestCase" name="shoudlConvertExact"/>
  <testcase time="0.052" classname="com.xebia.fitnesse.selenium.JavascriptTestCase" name="shoudlEscapeBars"/>
  <testcase time="0.049" classname="com.xebia.fitnesse.selenium.JavascriptTestCase" name="shouldParseGlobToSeleneseWheneverPossible"/>
  <testcase time="0.008" classname="com.xebia.fitnesse.selenium.JavascriptTestCase" name="testCommand"/>
  <testcase time="0.029" classname="com.xebia.fitnesse.selenium.JavascriptTestCase" name="shouldParseActionCommand"/>
  <testcase time="0.073" classname="com.xebia.fitnesse.selenium.JavascriptTestCase" name="shouldParseRightActionToFitnesse"/>
  <testcase time="0.094" classname="com.xebia.fitnesse.selenium.JavascriptTestCase" name="shouldParseFailedCheckCommands"/>
  <testcase time="0" classname="com.xebia.fitnesse.selenium.JavascriptTestCase" name="shouldAlwaysMakeEnsureCommandsForWaitForCommands"/>
  <testcase time="0.054" classname="com.xebia.fitnesse.selenium.JavascriptTestCase" name="shouldIgnoreFitnesseTableHeadings"/>
  <testcase time="0.005" classname="com.xebia.fitnesse.selenium.JavascriptTestCase" name="testExecuteCommandOnTargetWithValueToSelenese"/>
  <testcase time="0.03" classname="com.xebia.fitnesse.selenium.JavascriptTestCase" name="testStartBrowserLine"/>
  <testcase time="0.045" classname="com.xebia.fitnesse.selenium.JavascriptTestCase" name="shouldParseStartBrowserLineToFitnesse"/>
  <testcase time="0.013" classname="com.xebia.fitnesse.selenium.JavascriptTestCase" name="shoudlConvertRegexp"/>
  <testcase time="0.027" classname="com.xebia.fitnesse.selenium.JavascriptTestCase" name="shouldParseCheckCommand"/>
  <testcase time="0.026" classname="com.xebia.fitnesse.selenium.JavascriptTestCase" name="shouldParseBareCheckCommand"/>
  <testcase time="0.031" classname="com.xebia.fitnesse.selenium.JavascriptTestCase" name="shouldStoreCommandOnTargetToFitnesse"/>
  <testcase time="0.036" classname="com.xebia.fitnesse.selenium.JavascriptTestCase" name="shouldParseRegexpToSelenese"/>
  <testcase time="0.036" classname="com.xebia.fitnesse.selenium.JavascriptTestCase" name="shouldMakeCommentsForNonFitnesseLines"/>
  <testcase time="0.041" classname="com.xebia.fitnesse.selenium.JavascriptTestCase" name="testEmptyTestCase"/>
  <testcase time="0.033" classname="com.xebia.fitnesse.selenium.JavascriptTestCase" name="testExecuteCommandOnEscapedUrlTargetToSelenese"/>
</testsuite>