<?xml version="1.0" encoding="UTF-8" ?>
<testsuite failures="0" time="0.02" errors="0" skipped="0" tests="18" name="com.xebia.incubator.xebium.ExtendedSeleniumCommandTest">
  <properties>
[...]
</properties>
  <testcase time="0.005" classname="com.xebia.incubator.xebium.ExtendedSeleniumCommandTest" name="testAssertTextPresent"/>
  <testcase time="0.001" classname="com.xebia.incubator.xebium.ExtendedSeleniumCommandTest" name="testClick"/>
  <testcase time="0.004" classname="com.xebia.incubator.xebium.ExtendedSeleniumCommandTest" name="testRegexpMatch"/>
  <testcase time="0.001" classname="com.xebia.incubator.xebium.ExtendedSeleniumCommandTest" name="testRegexpiMatch"/>
  <testcase time="0.001" classname="com.xebia.incubator.xebium.ExtendedSeleniumCommandTest" name="testWaitForNotTextPresent"/>
  <testcase time="0" classname="com.xebia.incubator.xebium.ExtendedSeleniumCommandTest" name="testRequiredPollingCommands"/>
  <testcase time="0" classname="com.xebia.incubator.xebium.ExtendedSeleniumCommandTest" name="testVerifyTextNotPresent"/>
  <testcase time="0" classname="com.xebia.incubator.xebium.ExtendedSeleniumCommandTest" name="testVerifyNotText"/>
  <testcase time="0" classname="com.xebia.incubator.xebium.ExtendedSeleniumCommandTest" name="testIsTextNotPresent"/>
  <testcase time="0.001" classname="com.xebia.incubator.xebium.ExtendedSeleniumCommandTest" name="testMultiLineRegexp"/>
  <testcase time="0" classname="com.xebia.incubator.xebium.ExtendedSeleniumCommandTest" name="testVerifyTextPresent"/>
  <testcase time="0" classname="com.xebia.incubator.xebium.ExtendedSeleniumCommandTest" name="testStoreTextPresent"/>
  <testcase time="0" classname="com.xebia.incubator.xebium.ExtendedSeleniumCommandTest" name="testClickAndWait"/>
  <testcase time="0" classname="com.xebia.incubator.xebium.ExtendedSeleniumCommandTest" name="testGlobMatch"/>
  <testcase time="0.001" classname="com.xebia.incubator.xebium.ExtendedSeleniumCommandTest" name="testGlobAsDefaultMatch"/>
  <testcase time="0" classname="com.xebia.incubator.xebium.ExtendedSeleniumCommandTest" name="testExactMatch"/>
  <testcase time="0" classname="com.xebia.incubator.xebium.ExtendedSeleniumCommandTest" name="testVerifyNotChecked"/>
  <testcase time="0" classname="com.xebia.incubator.xebium.ExtendedSeleniumCommandTest" name="testWaitForTextPresent"/>
</testsuite>